0 info it worked if it ends with ok
1 verbose cli [ 'node', '/usr/local/bin/npm', 'install', 'snap.svg' ]
2 info using npm@1.4.28
3 info using node@v0.10.32
4 warn package.json mindmapview@0.0.0 No description
5 warn package.json mindmapview@0.0.0 No repository field.
6 warn package.json mindmapview@0.0.0 No README data
7 verbose readDependencies using package.json deps
8 verbose cache add [ 'snap.svg', null ]
9 verbose cache add name=undefined spec="snap.svg" args=["snap.svg",null]
10 verbose parsed url { protocol: null,
10 verbose parsed url   slashes: null,
10 verbose parsed url   auth: null,
10 verbose parsed url   host: null,
10 verbose parsed url   port: null,
10 verbose parsed url   hostname: null,
10 verbose parsed url   hash: null,
10 verbose parsed url   search: null,
10 verbose parsed url   query: null,
10 verbose parsed url   pathname: 'snap.svg',
10 verbose parsed url   path: 'snap.svg',
10 verbose parsed url   href: 'snap.svg' }
11 silly lockFile d6fc8e5c-snap-svg snap.svg
12 verbose lock snap.svg /Users/kajespero/.npm/d6fc8e5c-snap-svg.lock
13 silly lockFile d6fc8e5c-snap-svg snap.svg
14 silly lockFile d6fc8e5c-snap-svg snap.svg
15 verbose addNamed [ 'snap.svg', '' ]
16 verbose addNamed [ null, '*' ]
17 silly lockFile b66f5116-snap-svg snap.svg@
18 verbose lock snap.svg@ /Users/kajespero/.npm/b66f5116-snap-svg.lock
19 silly addNameRange { name: 'snap.svg', range: '*', hasData: false }
20 verbose request where is /snap.svg
21 verbose request registry https://registry.npmjs.org/
22 verbose request id e3afc6c11085439d
23 verbose url raw /snap.svg
24 verbose url resolving [ 'https://registry.npmjs.org/', './snap.svg' ]
25 verbose url resolved https://registry.npmjs.org/snap.svg
26 verbose request where is https://registry.npmjs.org/snap.svg
27 info trying registry request attempt 1 at 20:01:40
28 http GET https://registry.npmjs.org/snap.svg
29 http 404 https://registry.npmjs.org/snap.svg
30 verbose headers { date: 'Mon, 13 Oct 2014 18:01:44 GMT',
30 verbose headers   server: 'CouchDB/1.5.0 (Erlang OTP/R16B03)',
30 verbose headers   'content-type': 'application/json',
30 verbose headers   'cache-control': 'max-age=0',
30 verbose headers   'content-length': '52',
30 verbose headers   'accept-ranges': 'bytes',
30 verbose headers   via: '1.1 varnish',
30 verbose headers   age: '0',
30 verbose headers   'x-served-by': 'cache-fra1238-FRA',
30 verbose headers   'x-cache': 'MISS',
30 verbose headers   'x-cache-hits': '0',
30 verbose headers   'x-timer': 'S1413223304.104860,VS0,VE426',
30 verbose headers   'keep-alive': 'timeout=10, max=50',
30 verbose headers   connection: 'Keep-Alive' }
31 silly registry.get cb [ 404,
31 silly registry.get   { date: 'Mon, 13 Oct 2014 18:01:44 GMT',
31 silly registry.get     server: 'CouchDB/1.5.0 (Erlang OTP/R16B03)',
31 silly registry.get     'content-type': 'application/json',
31 silly registry.get     'cache-control': 'max-age=0',
31 silly registry.get     'content-length': '52',
31 silly registry.get     'accept-ranges': 'bytes',
31 silly registry.get     via: '1.1 varnish',
31 silly registry.get     age: '0',
31 silly registry.get     'x-served-by': 'cache-fra1238-FRA',
31 silly registry.get     'x-cache': 'MISS',
31 silly registry.get     'x-cache-hits': '0',
31 silly registry.get     'x-timer': 'S1413223304.104860,VS0,VE426',
31 silly registry.get     'keep-alive': 'timeout=10, max=50',
31 silly registry.get     connection: 'Keep-Alive' } ]
32 silly lockFile b66f5116-snap-svg snap.svg@
33 silly lockFile b66f5116-snap-svg snap.svg@
34 error 404 404 Not Found: snap.svg
34 error 404
34 error 404 'snap.svg' is not in the npm registry.
34 error 404 You should bug the author to publish it
34 error 404 It was specified as a dependency of 'mindmapview'
34 error 404
34 error 404 Note that you can also install from a
34 error 404 tarball, folder, or http url, or git url.
35 error System Darwin 13.4.0
36 error command "node" "/usr/local/bin/npm" "install" "snap.svg"
37 error cwd /Volumes/data/coding/javascript/mindmap/mindmap-view
38 error node -v v0.10.32
39 error npm -v 1.4.28
40 error code E404
41 verbose exit [ 1, true ]
